# JRE version: Java(TM) SE Runtime Environment (8.0_101-b13) (build 1.8.0_101-b13)
# Java VM: Java HotSpot(TM) 64-Bit Server VM (25.101-b13 mixed mode windows-amd64 compressed oops)
Heap:
 PSYoungGen      total 76288K, used 22732K [0x000000076b380000, 0x0000000776080000, 0x00000007c0000000)
  eden space 65536K, 18% used [0x000000076b380000,0x000000076bf3b388,0x000000076f380000)
  from space 10752K, 99% used [0x000000076f380000,0x000000076fdf8020,0x000000076fe00000)
  to   space 23040K, 0% used [0x0000000774a00000,0x0000000774a00000,0x0000000776080000)
 ParOldGen       total 175104K, used 21843K [0x00000006c1a00000, 0x00000006cc500000, 0x000000076b380000)
  object space 175104K, 12% used [0x00000006c1a00000,0x00000006c2f54ec0,0x00000006cc500000)
 Metaspace       used 17761K, capacity 18184K, committed 18304K, reserved 1064960K
  class space    used 2038K, capacity 2151K, committed 2176K, reserved 1048576K
GC Heap History (10 events):
Event: 4.441 GC heap before
{Heap before GC invocations=1 (full 0):
 PSYoungGen      total 76288K, used 65536K [0x000000076b380000, 0x0000000770880000, 0x00000007c0000000)
  eden space 65536K, 100% used [0x000000076b380000,0x000000076f380000,0x000000076f380000)
  from space 10752K, 0% used [0x000000076fe00000,0x000000076fe00000,0x0000000770880000)
  to   space 10752K, 0% used [0x000000076f380000,0x000000076f380000,0x000000076fe00000)
 ParOldGen       total 175104K, used 0K [0x00000006c1a00000, 0x00000006cc500000, 0x000000076b380000)
  object space 175104K, 0% used [0x00000006c1a00000,0x00000006c1a00000,0x00000006cc500000)
 Metaspace       used 11204K, capacity 11338K, committed 11520K, reserved 1058816K
  class space    used 1352K, capacity 1414K, committed 1536K, reserved 1048576K
Event: 4.451 GC heap after
Heap after GC invocations=1 (full 0):
 PSYoungGen      total 76288K, used 9011K [0x000000076b380000, 0x0000000770880000, 0x00000007c0000000)
  eden space 65536K, 0% used [0x000000076b380000,0x000000076b380000,0x000000076f380000)
  from space 10752K, 83% used [0x000000076f380000,0x000000076fc4cf68,0x000000076fe00000)
  to   space 10752K, 0% used [0x000000076fe00000,0x000000076fe00000,0x0000000770880000)
 ParOldGen       total 175104K, used 16K [0x00000006c1a00000, 0x00000006cc500000, 0x000000076b380000)
  object space 175104K, 0% used [0x00000006c1a00000,0x00000006c1a04000,0x00000006cc500000)
 Metaspace       used 11204K, capacity 11338K, committed 11520K, reserved 1058816K
  class space    used 1352K, capacity 1414K, committed 1536K, reserved 1048576K
}
Event: 6.306 GC heap before
{Heap before GC invocations=2 (full 0):
 PSYoungGen      total 76288K, used 74547K [0x000000076b380000, 0x0000000770880000, 0x00000007c0000000)
  eden space 65536K, 100% used [0x000000076b380000,0x000000076f380000,0x000000076f380000)
  from space 10752K, 83% used [0x000000076f380000,0x000000076fc4cf68,0x000000076fe00000)
  to   space 10752K, 0% used [0x000000076fe00000,0x000000076fe00000,0x0000000770880000)
 ParOldGen       total 175104K, used 16K [0x00000006c1a00000, 0x00000006cc500000, 0x000000076b380000)
  object space 175104K, 0% used [0x00000006c1a00000,0x00000006c1a04000,0x00000006cc500000)
 Metaspace       used 15993K, capacity 16246K, committed 16384K, reserved 1062912K
  class space    used 1907K, capacity 2006K, committed 2048K, reserved 1048576K
Event: 6.325 GC heap after
Heap after GC invocations=2 (full 0):
 PSYoungGen      total 76288K, used 10742K [0x000000076b380000, 0x0000000770880000, 0x00000007c0000000)
  eden space 65536K, 0% used [0x000000076b380000,0x000000076b380000,0x000000076f380000)
  from space 10752K, 99% used [0x000000076fe00000,0x000000077087d968,0x0000000770880000)
  to   space 10752K, 0% used [0x000000076f380000,0x000000076f380000,0x000000076fe00000)
 ParOldGen       total 175104K, used 290K [0x00000006c1a00000, 0x00000006cc500000, 0x000000076b380000)
  object space 175104K, 0% used [0x00000006c1a00000,0x00000006c1a489d8,0x00000006cc500000)
 Metaspace       used 15993K, capacity 16246K, committed 16384K, reserved 1062912K
  class space    used 1907K, capacity 2006K, committed 2048K, reserved 1048576K
}
Event: 7.890 GC heap before
{Heap before GC invocations=3 (full 0):
 PSYoungGen      total 76288K, used 76278K [0x000000076b380000, 0x0000000770880000, 0x00000007c0000000)
  eden space 65536K, 100% used [0x000000076b380000,0x000000076f380000,0x000000076f380000)
  from space 10752K, 99% used [0x000000076fe00000,0x000000077087d968,0x0000000770880000)
  to   space 10752K, 0% used [0x000000076f380000,0x000000076f380000,0x000000076fe00000)
 ParOldGen       total 175104K, used 290K [0x00000006c1a00000, 0x00000006cc500000, 0x000000076b380000)
  object space 175104K, 0% used [0x00000006c1a00000,0x00000006c1a489d8,0x00000006cc500000)
 Metaspace       used 16511K, capacity 16856K, committed 17152K, reserved 1064960K
  class space    used 1925K, capacity 2011K, committed 2048K, reserved 1048576K
Event: 7.916 GC heap after
Heap after GC invocations=3 (full 0):
 PSYoungGen      total 76288K, used 10720K [0x000000076b380000, 0x0000000770880000, 0x00000007c0000000)
  eden space 65536K, 0% used [0x000000076b380000,0x000000076b380000,0x000000076f380000)
  from space 10752K, 99% used [0x000000076f380000,0x000000076fdf8040,0x000000076fe00000)
  to   space 10752K, 0% used [0x000000076fe00000,0x000000076fe00000,0x0000000770880000)
 ParOldGen       total 175104K, used 6393K [0x00000006c1a00000, 0x00000006cc500000, 0x000000076b380000)
  object space 175104K, 3% used [0x00000006c1a00000,0x00000006c203e620,0x00000006cc500000)
 Metaspace       used 16511K, capacity 16856K, committed 17152K, reserved 1064960K
  class space    used 1925K, capacity 2011K, committed 2048K, reserved 1048576K
}
Event: 9.707 GC heap before
{Heap before GC invocations=4 (full 0):
 PSYoungGen      total 76288K, used 76256K [0x000000076b380000, 0x0000000770880000, 0x00000007c0000000)
  eden space 65536K, 100% used [0x000000076b380000,0x000000076f380000,0x000000076f380000)
  from space 10752K, 99% used [0x000000076f380000,0x000000076fdf8040,0x000000076fe00000)
  to   space 10752K, 0% used [0x000000076fe00000,0x000000076fe00000,0x0000000770880000)
 ParOldGen       total 175104K, used 6393K [0x00000006c1a00000, 0x00000006cc500000, 0x000000076b380000)
  object space 175104K, 3% used [0x00000006c1a00000,0x00000006c203e620,0x00000006cc500000)
 Metaspace       used 16830K, capacity 17194K, committed 17408K, reserved 1064960K
  class space    used 1927K, capacity 2014K, committed 2048K, reserved 1048576K
Event: 9.733 GC heap after
Heap after GC invocations=4 (full 0):
 PSYoungGen      total 76288K, used 10736K [0x000000076b380000, 0x0000000774880000, 0x00000007c0000000)
  eden space 65536K, 0% used [0x000000076b380000,0x000000076b380000,0x000000076f380000)
  from space 10752K, 99% used [0x000000076fe00000,0x000000077087c050,0x0000000770880000)
  to   space 10752K, 0% used [0x000000076f380000,0x000000076f380000,0x000000076fe00000)
 ParOldGen       total 175104K, used 14379K [0x00000006c1a00000, 0x00000006cc500000, 0x000000076b380000)
  object space 175104K, 8% used [0x00000006c1a00000,0x00000006c280acd0,0x00000006cc500000)
 Metaspace       used 16830K, capacity 17194K, committed 17408K, reserved 1064960K
  class space    used 1927K, capacity 2014K, committed 2048K, reserved 1048576K
}
Event: 12.012 GC heap before
{Heap before GC invocations=5 (full 0):
 PSYoungGen      total 76288K, used 76272K [0x000000076b380000, 0x0000000774880000, 0x00000007c0000000)
  eden space 65536K, 100% used [0x000000076b380000,0x000000076f380000,0x000000076f380000)
  from space 10752K, 99% used [0x000000076fe00000,0x000000077087c050,0x0000000770880000)
  to   space 10752K, 0% used [0x000000076f380000,0x000000076f380000,0x000000076fe00000)
 ParOldGen       total 175104K, used 14379K [0x00000006c1a00000, 0x00000006cc500000, 0x000000076b380000)
  object space 175104K, 8% used [0x00000006c1a00000,0x00000006c280acd0,0x00000006cc500000)
 Metaspace       used 17493K, capacity 17896K, committed 18048K, reserved 1064960K
  class space    used 2005K, capacity 2119K, committed 2176K, reserved 1048576K
Event: 12.039 GC heap after
Heap after GC invocations=5 (full 0):
 PSYoungGen      total 76288K, used 10720K [0x000000076b380000, 0x0000000776080000, 0x00000007c0000000)
  eden space 65536K, 0% used [0x000000076b380000,0x000000076b380000,0x000000076f380000)
  from space 10752K, 99% used [0x000000076f380000,0x000000076fdf8020,0x000000076fe00000)
  to   space 23040K, 0% used [0x0000000774a00000,0x0000000774a00000,0x0000000776080000)
 ParOldGen       total 175104K, used 21843K [0x00000006c1a00000, 0x00000006cc500000, 0x000000076b380000)
  object space 175104K, 12% used [0x00000006c1a00000,0x00000006c2f54ec0,0x00000006cc500000)
 Metaspace       used 17493K, capacity 17896K, committed 18048K, reserved 1064960K
  class space    used 2005K, capacity 2119K, committed 2176K, reserved 1048576K
}

